<?xml version="1.0" encoding="UTF-8"?>
<!-- Generated by org.testng.reporters.JUnitReportReporter -->
<testsuite hostname="satish-PC" name="com.VisualPath.SignupWithOutInputDetails" tests="1" failures="0" timestamp="12 Oct 2017 11:28:11 GMT" time="18.784" errors="0">
  <testcase name="CreateAccountWithoutdata" time="18.784" classname="com.VisualPath.SignupWithOutInputDetails"/>
</testsuite>
