<?xml version="1.0" encoding="UTF-8"?>
<!-- Generated by org.testng.reporters.JUnitReportReporter -->
<testsuite hostname="satish-PC" name="com.VisualPath.LoginVerification" tests="1" failures="0" timestamp="13 Oct 2017 04:58:23 GMT" time="23.972" errors="0">
  <testcase name="UserLogin" time="23.972" classname="com.VisualPath.LoginVerification"/>
</testsuite>
