<?xml version="1.0" encoding="UTF-8"?>
<!-- Generated by org.testng.reporters.JUnitReportReporter -->
<testsuite hostname="satish-PC" name="com.VisualPath.SignupWithInputDetails" tests="1" failures="0" timestamp="13 Oct 2017 04:58:23 GMT" time="13.565" errors="0">
  <testcase name="CreateAccount" time="13.565" classname="com.VisualPath.SignupWithInputDetails"/>
</testsuite>
