<?xml version="1.0" encoding="UTF-8"?>
<!-- Generated by org.testng.reporters.JUnitReportReporter -->
<testsuite hostname="satish-PC" name="com.VisualPath.LoginVerificationWithInvalidCredentails" tests="1" failures="0" timestamp="13 Oct 2017 04:58:23 GMT" time="9.788" errors="0">
  <testcase name="UserLoginWithInvalidCredentails" time="9.788" classname="com.VisualPath.LoginVerificationWithInvalidCredentails"/>
</testsuite>
