<?xml version="1.0" encoding="UTF-8"?>
<!-- Generated by org.testng.reporters.JUnitReportReporter -->
<testsuite hostname="satish-PC" name="com.VisualPath.LoginVerification" tests="1" failures="0" timestamp="13 Oct 2017 04:38:16 GMT" time="20.078" errors="0">
  <testcase name="UserLogin" time="20.078" classname="com.VisualPath.LoginVerification"/>
</testsuite> <!-- com.VisualPath.LoginVerification -->
