<?xml version="1.0" encoding="UTF-8"?>
<!-- Generated by org.testng.reporters.JUnitReportReporter -->
<testsuite hostname="satish-PC" name="com.VisualPath.SignupWithOutInputDetails" tests="1" failures="0" timestamp="12 Oct 2017 15:52:13 GMT" time="45.789" errors="0">
  <testcase name="CreateAccountWithoutdata" time="45.789" classname="com.VisualPath.SignupWithOutInputDetails"/>
</testsuite> <!-- com.VisualPath.SignupWithOutInputDetails -->
